This file contains any messages produced by compilers while
running configure, to aid debugging if configure makes a mistake.

It was created by configure, which was
generated by GNU Autoconf 2.59.  Invocation command line was

  $ ./configure --enable-maintainer-mode

## --------- ##
## Platform. ##
## --------- ##

hostname = dfcgen
uname -m = i686
uname -r = 2.6.12-10-k7
uname -s = Linux
uname -v = #1 Fri Sep 15 16:20:30 UTC 2006

/usr/bin/uname -p = unknown
/bin/uname -X     = unknown

/bin/arch              = i686
/usr/bin/arch -k       = unknown
/usr/convex/getsysinfo = unknown
hostinfo               = unknown
/bin/machine           = unknown
/usr/bin/oslevel       = unknown
/bin/universe          = unknown

PATH: /home/ralf/bin
PATH: /usr/local/bin
PATH: /usr/local/sbin
PATH: /sbin
PATH: /usr/sbin
PATH: /bin
PATH: /usr/bin
PATH: /usr/bin/X11
PATH: /usr/games


## ----------- ##
## Core tests. ##
## ----------- ##

configure:1555: checking for a BSD-compatible install
configure:1610: result: /usr/bin/install -c
configure:1621: checking whether build environment is sane
configure:1664: result: yes
configure:1729: checking for gawk
configure:1745: found /usr/bin/gawk
configure:1755: result: gawk
configure:1765: checking whether make sets $(MAKE)
configure:1785: result: yes
configure:1955: checking whether to enable maintainer-specific portions of Makefiles
configure:1964: result: yes
configure:1992: checking for style of include used by make
configure:2020: result: GNU
configure:2091: checking for gcc
configure:2107: found /usr/bin/gcc
configure:2117: result: gcc
configure:2361: checking for C compiler version
configure:2364: gcc --version </dev/null >&5
gcc (GCC) 4.0.2 20050808 (prerelease) (Ubuntu 4.0.1-4ubuntu9)
Copyright (C) 2005 Free Software Foundation, Inc.
This is free software; see the source for copying conditions.  There is NO
warranty; not even for MERCHANTABILITY or FITNESS FOR A PARTICULAR PURPOSE.

configure:2367: $? = 0
configure:2369: gcc -v </dev/null >&5
Using built-in specs.
Target: i486-linux-gnu
Configured with: ../src/configure -v --enable-languages=c,c++,java,f95,objc,ada,treelang --prefix=/usr --with-gxx-include-dir=/usr/include/c++/4.0.2 --enable-shared --with-system-zlib --libexecdir=/usr/lib --enable-nls --without-included-gettext --enable-threads=posix --program-suffix=-4.0 --enable-__cxa_atexit --enable-libstdcxx-allocator=mt --enable-clocale=gnu --enable-libstdcxx-debug --enable-java-gc=boehm --enable-java-awt=gtk --enable-gtk-cairo --with-java-home=/usr/lib/jvm/java-1.4.2-gcj-4.0-1.4.2.0/jre --enable-mpfr --disable-werror --enable-checking=release i486-linux-gnu
Thread model: posix
gcc version 4.0.2 20050808 (prerelease) (Ubuntu 4.0.1-4ubuntu9)
configure:2372: $? = 0
configure:2374: gcc -V </dev/null >&5
gcc: '-V' option must have argument
configure:2377: $? = 1
configure:2400: checking for C compiler default output file name
configure:2403: gcc    conftest.c  >&5
configure:2406: $? = 0
configure:2452: result: a.out
configure:2457: checking whether the C compiler works
configure:2463: ./a.out
configure:2466: $? = 0
configure:2483: result: yes
configure:2490: checking whether we are cross compiling
configure:2492: result: no
configure:2495: checking for suffix of executables
configure:2497: gcc -o conftest    conftest.c  >&5
configure:2500: $? = 0
configure:2525: result: 
configure:2531: checking for suffix of object files
configure:2552: gcc -c   conftest.c >&5
configure:2555: $? = 0
configure:2577: result: o
configure:2581: checking whether we are using the GNU C compiler
configure:2605: gcc -c   conftest.c >&5
configure:2611: $? = 0
configure:2614: test -z 			 || test ! -s conftest.err
configure:2617: $? = 0
configure:2620: test -s conftest.o
configure:2623: $? = 0
configure:2636: result: yes
configure:2642: checking whether gcc accepts -g
configure:2663: gcc -c -g  conftest.c >&5
configure:2669: $? = 0
configure:2672: test -z 			 || test ! -s conftest.err
configure:2675: $? = 0
configure:2678: test -s conftest.o
configure:2681: $? = 0
configure:2692: result: yes
configure:2709: checking for gcc option to accept ANSI C
configure:2779: gcc  -c -g -O2  conftest.c >&5
configure:2785: $? = 0
configure:2788: test -z 			 || test ! -s conftest.err
configure:2791: $? = 0
configure:2794: test -s conftest.o
configure:2797: $? = 0
configure:2815: result: none needed
configure:2833: gcc -c -g -O2  conftest.c >&5
conftest.c:2: error: syntax error before 'me'
configure:2839: $? = 1
configure: failed program was:
| #ifndef __cplusplus
|   choke me
| #endif
configure:2971: checking dependency style of gcc
configure:3061: result: gcc3
configure:3079: checking for library containing strerror
configure:3109: gcc -o conftest -g -O2   conftest.c  >&5
configure:3115: $? = 0
configure:3118: test -z 			 || test ! -s conftest.err
configure:3121: $? = 0
configure:3124: test -s conftest
configure:3127: $? = 0
configure:3196: result: none required
configure:3249: checking for gcc
configure:3275: result: gcc
configure:3519: checking for C compiler version
configure:3522: gcc --version </dev/null >&5
gcc (GCC) 4.0.2 20050808 (prerelease) (Ubuntu 4.0.1-4ubuntu9)
Copyright (C) 2005 Free Software Foundation, Inc.
This is free software; see the source for copying conditions.  There is NO
warranty; not even for MERCHANTABILITY or FITNESS FOR A PARTICULAR PURPOSE.

configure:3525: $? = 0
configure:3527: gcc -v </dev/null >&5
Using built-in specs.
Target: i486-linux-gnu
Configured with: ../src/configure -v --enable-languages=c,c++,java,f95,objc,ada,treelang --prefix=/usr --with-gxx-include-dir=/usr/include/c++/4.0.2 --enable-shared --with-system-zlib --libexecdir=/usr/lib --enable-nls --without-included-gettext --enable-threads=posix --program-suffix=-4.0 --enable-__cxa_atexit --enable-libstdcxx-allocator=mt --enable-clocale=gnu --enable-libstdcxx-debug --enable-java-gc=boehm --enable-java-awt=gtk --enable-gtk-cairo --with-java-home=/usr/lib/jvm/java-1.4.2-gcj-4.0-1.4.2.0/jre --enable-mpfr --disable-werror --enable-checking=release i486-linux-gnu
Thread model: posix
gcc version 4.0.2 20050808 (prerelease) (Ubuntu 4.0.1-4ubuntu9)
configure:3530: $? = 0
configure:3532: gcc -V </dev/null >&5
gcc: '-V' option must have argument
configure:3535: $? = 1
configure:3538: checking whether we are using the GNU C compiler
configure:3593: result: yes
configure:3599: checking whether gcc accepts -g
configure:3649: result: yes
configure:3666: checking for gcc option to accept ANSI C
configure:3772: result: none needed
configure:3790: gcc -c -g -O2  conftest.c >&5
conftest.c:2: error: syntax error before 'me'
configure:3796: $? = 1
configure: failed program was:
| #ifndef __cplusplus
|   choke me
| #endif
configure:3928: checking dependency style of gcc
configure:4018: result: gcc3
configure:4081: checking for gcc
configure:4107: result: gcc
configure:4351: checking for C compiler version
configure:4354: gcc --version </dev/null >&5
gcc (GCC) 4.0.2 20050808 (prerelease) (Ubuntu 4.0.1-4ubuntu9)
Copyright (C) 2005 Free Software Foundation, Inc.
This is free software; see the source for copying conditions.  There is NO
warranty; not even for MERCHANTABILITY or FITNESS FOR A PARTICULAR PURPOSE.

configure:4357: $? = 0
configure:4359: gcc -v </dev/null >&5
Using built-in specs.
Target: i486-linux-gnu
Configured with: ../src/configure -v --enable-languages=c,c++,java,f95,objc,ada,treelang --prefix=/usr --with-gxx-include-dir=/usr/include/c++/4.0.2 --enable-shared --with-system-zlib --libexecdir=/usr/lib --enable-nls --without-included-gettext --enable-threads=posix --program-suffix=-4.0 --enable-__cxa_atexit --enable-libstdcxx-allocator=mt --enable-clocale=gnu --enable-libstdcxx-debug --enable-java-gc=boehm --enable-java-awt=gtk --enable-gtk-cairo --with-java-home=/usr/lib/jvm/java-1.4.2-gcj-4.0-1.4.2.0/jre --enable-mpfr --disable-werror --enable-checking=release i486-linux-gnu
Thread model: posix
gcc version 4.0.2 20050808 (prerelease) (Ubuntu 4.0.1-4ubuntu9)
configure:4362: $? = 0
configure:4364: gcc -V </dev/null >&5
gcc: '-V' option must have argument
configure:4367: $? = 1
configure:4370: checking whether we are using the GNU C compiler
configure:4425: result: yes
configure:4431: checking whether gcc accepts -g
configure:4481: result: yes
configure:4498: checking for gcc option to accept ANSI C
configure:4604: result: none needed
configure:4622: gcc -c -g -O2  conftest.c >&5
conftest.c:2: error: syntax error before 'me'
configure:4628: $? = 1
configure: failed program was:
| #ifndef __cplusplus
|   choke me
| #endif
configure:4760: checking dependency style of gcc
configure:4850: result: gcc3
configure:4875: checking how to run the C preprocessor
configure:4910: gcc -E  conftest.c
configure:4916: $? = 0
configure:4948: gcc -E  conftest.c
conftest.c:11:28: error: ac_nonexistent.h: No such file or directory
configure:4954: $? = 1
configure: failed program was:
| /* confdefs.h.  */
| 
| #define PACKAGE_NAME ""
| #define PACKAGE_TARNAME ""
| #define PACKAGE_VERSION ""
| #define PACKAGE_STRING ""
| #define PACKAGE_BUGREPORT ""
| #define PACKAGE "dfcgen-gtk"
| #define VERSION "0.1"
| /* end confdefs.h.  */
| #include <ac_nonexistent.h>
configure:4993: result: gcc -E
configure:5017: gcc -E  conftest.c
configure:5023: $? = 0
configure:5055: gcc -E  conftest.c
conftest.c:11:28: error: ac_nonexistent.h: No such file or directory
configure:5061: $? = 1
configure: failed program was:
| /* confdefs.h.  */
| 
| #define PACKAGE_NAME ""
| #define PACKAGE_TARNAME ""
| #define PACKAGE_VERSION ""
| #define PACKAGE_STRING ""
| #define PACKAGE_BUGREPORT ""
| #define PACKAGE "dfcgen-gtk"
| #define VERSION "0.1"
| /* end confdefs.h.  */
| #include <ac_nonexistent.h>
configure:5105: checking for egrep
configure:5115: result: grep -E
configure:5120: checking for ANSI C header files
configure:5145: gcc -c -g -O2  conftest.c >&5
configure:5151: $? = 0
configure:5154: test -z 			 || test ! -s conftest.err
configure:5157: $? = 0
configure:5160: test -s conftest.o
configure:5163: $? = 0
configure:5252: gcc -o conftest -g -O2   conftest.c  >&5
conftest.c: In function 'main':
conftest.c:28: warning: incompatible implicit declaration of built-in function 'exit'
configure:5255: $? = 0
configure:5257: ./conftest
configure:5260: $? = 0
configure:5275: result: yes
configure:5309: checking for sys/types.h
configure:5325: gcc -c -g -O2  conftest.c >&5
configure:5331: $? = 0
configure:5334: test -z 			 || test ! -s conftest.err
configure:5337: $? = 0
configure:5340: test -s conftest.o
configure:5343: $? = 0
configure:5354: result: yes
configure:5309: checking for sys/stat.h
configure:5325: gcc -c -g -O2  conftest.c >&5
configure:5331: $? = 0
configure:5334: test -z 			 || test ! -s conftest.err
configure:5337: $? = 0
configure:5340: test -s conftest.o
configure:5343: $? = 0
configure:5354: result: yes
configure:5309: checking for stdlib.h
configure:5325: gcc -c -g -O2  conftest.c >&5
configure:5331: $? = 0
configure:5334: test -z 			 || test ! -s conftest.err
configure:5337: $? = 0
configure:5340: test -s conftest.o
configure:5343: $? = 0
configure:5354: result: yes
configure:5309: checking for string.h
configure:5325: gcc -c -g -O2  conftest.c >&5
configure:5331: $? = 0
configure:5334: test -z 			 || test ! -s conftest.err
configure:5337: $? = 0
configure:5340: test -s conftest.o
configure:5343: $? = 0
configure:5354: result: yes
configure:5309: checking for memory.h
configure:5325: gcc -c -g -O2  conftest.c >&5
configure:5331: $? = 0
configure:5334: test -z 			 || test ! -s conftest.err
configure:5337: $? = 0
configure:5340: test -s conftest.o
configure:5343: $? = 0
configure:5354: result: yes
configure:5309: checking for strings.h
configure:5325: gcc -c -g -O2  conftest.c >&5
configure:5331: $? = 0
configure:5334: test -z 			 || test ! -s conftest.err
configure:5337: $? = 0
configure:5340: test -s conftest.o
configure:5343: $? = 0
configure:5354: result: yes
configure:5309: checking for inttypes.h
configure:5325: gcc -c -g -O2  conftest.c >&5
configure:5331: $? = 0
configure:5334: test -z 			 || test ! -s conftest.err
configure:5337: $? = 0
configure:5340: test -s conftest.o
configure:5343: $? = 0
configure:5354: result: yes
configure:5309: checking for stdint.h
configure:5325: gcc -c -g -O2  conftest.c >&5
configure:5331: $? = 0
configure:5334: test -z 			 || test ! -s conftest.err
configure:5337: $? = 0
configure:5340: test -s conftest.o
configure:5343: $? = 0
configure:5354: result: yes
configure:5309: checking for unistd.h
configure:5325: gcc -c -g -O2  conftest.c >&5
configure:5331: $? = 0
configure:5334: test -z 			 || test ! -s conftest.err
configure:5337: $? = 0
configure:5340: test -s conftest.o
configure:5343: $? = 0
configure:5354: result: yes
configure:5381: checking locale.h usability
configure:5393: gcc -c -g -O2  conftest.c >&5
configure:5399: $? = 0
configure:5402: test -z 			 || test ! -s conftest.err
configure:5405: $? = 0
configure:5408: test -s conftest.o
configure:5411: $? = 0
configure:5421: result: yes
configure:5425: checking locale.h presence
configure:5435: gcc -E  conftest.c
configure:5441: $? = 0
configure:5461: result: yes
configure:5496: checking for locale.h
configure:5503: result: yes
configure:5517: checking for LC_MESSAGES
configure:5538: gcc -o conftest -g -O2   conftest.c  >&5
configure:5544: $? = 0
configure:5547: test -z 			 || test ! -s conftest.err
configure:5550: $? = 0
configure:5553: test -s conftest
configure:5556: $? = 0
configure:5568: result: yes
configure:5597: checking libintl.h usability
configure:5609: gcc -c -g -O2  conftest.c >&5
configure:5615: $? = 0
configure:5618: test -z 			 || test ! -s conftest.err
configure:5621: $? = 0
configure:5624: test -s conftest.o
configure:5627: $? = 0
configure:5637: result: yes
configure:5641: checking libintl.h presence
configure:5651: gcc -E  conftest.c
configure:5657: $? = 0
configure:5677: result: yes
configure:5712: checking for libintl.h
configure:5719: result: yes
configure:5730: checking for ngettext in libc
configure:5753: gcc -o conftest -g -O2   conftest.c  >&5
configure:5759: $? = 0
configure:5762: test -z 			 || test ! -s conftest.err
configure:5765: $? = 0
configure:5768: test -s conftest
configure:5771: $? = 0
configure:5784: result: yes
configure:5788: checking for dgettext in libc
configure:5811: gcc -o conftest -g -O2   conftest.c  >&5
configure:5817: $? = 0
configure:5820: test -z 			 || test ! -s conftest.err
configure:5823: $? = 0
configure:5826: test -s conftest
configure:5829: $? = 0
configure:5842: result: yes
configure:5851: checking for bind_textdomain_codeset
configure:5908: gcc -o conftest -g -O2   conftest.c  >&5
configure:5914: $? = 0
configure:5917: test -z 			 || test ! -s conftest.err
configure:5920: $? = 0
configure:5923: test -s conftest
configure:5926: $? = 0
configure:5938: result: yes
configure:6442: checking for msgfmt
configure:6469: result: /usr/bin/msgfmt
configure:6482: checking for dcgettext
configure:6539: gcc -o conftest -g -O2   conftest.c   >&5
conftest.c:50: warning: conflicting types for built-in function 'dcgettext'
configure:6545: $? = 0
configure:6548: test -z 			 || test ! -s conftest.err
configure:6551: $? = 0
configure:6554: test -s conftest
configure:6557: $? = 0
configure:6569: result: yes
configure:6581: checking for gmsgfmt
configure:6612: result: /usr/bin/msgfmt
configure:6621: checking for xgettext
configure:6648: result: /usr/bin/xgettext
configure:6672: gcc -o conftest -g -O2   conftest.c   >&5
configure:6678: $? = 0
configure:6681: test -z 			 || test ! -s conftest.err
configure:6684: $? = 0
configure:6687: test -s conftest
configure:6690: $? = 0
configure:6862: checking for catalogs to be installed
configure:6887: result:  de
configure:6998: checking build system type
configure:7016: result: i686-pc-linux-gnu
configure:7024: checking host system type
configure:7038: result: i686-pc-linux-gnu
configure:7046: checking for a sed that does not truncate output
configure:7100: result: /bin/sed
configure:7114: checking for ld used by gcc
configure:7181: result: /usr/bin/ld
configure:7190: checking if the linker (/usr/bin/ld) is GNU ld
configure:7205: result: yes
configure:7210: checking for /usr/bin/ld option to reload object files
configure:7217: result: -r
configure:7226: checking for BSD-compatible nm
configure:7268: result: /usr/bin/nm -B
configure:7272: checking whether ln -s works
configure:7276: result: yes
configure:7283: checking how to recognise dependent libraries
configure:7457: result: pass_all
configure:7678: checking dlfcn.h usability
configure:7690: gcc -c -g -O2  conftest.c >&5
configure:7696: $? = 0
configure:7699: test -z 			 || test ! -s conftest.err
configure:7702: $? = 0
configure:7705: test -s conftest.o
configure:7708: $? = 0
configure:7718: result: yes
configure:7722: checking dlfcn.h presence
configure:7732: gcc -E  conftest.c
configure:7738: $? = 0
configure:7758: result: yes
configure:7793: checking for dlfcn.h
configure:7800: result: yes
configure:7865: checking for g++
configure:7881: found /usr/bin/g++
configure:7891: result: g++
configure:7907: checking for C++ compiler version
configure:7910: g++ --version </dev/null >&5
g++ (GCC) 4.0.2 20050808 (prerelease) (Ubuntu 4.0.1-4ubuntu9)
Copyright (C) 2005 Free Software Foundation, Inc.
This is free software; see the source for copying conditions.  There is NO
warranty; not even for MERCHANTABILITY or FITNESS FOR A PARTICULAR PURPOSE.

configure:7913: $? = 0
configure:7915: g++ -v </dev/null >&5
Using built-in specs.
Target: i486-linux-gnu
Configured with: ../src/configure -v --enable-languages=c,c++,java,f95,objc,ada,treelang --prefix=/usr --with-gxx-include-dir=/usr/include/c++/4.0.2 --enable-shared --with-system-zlib --libexecdir=/usr/lib --enable-nls --without-included-gettext --enable-threads=posix --program-suffix=-4.0 --enable-__cxa_atexit --enable-libstdcxx-allocator=mt --enable-clocale=gnu --enable-libstdcxx-debug --enable-java-gc=boehm --enable-java-awt=gtk --enable-gtk-cairo --with-java-home=/usr/lib/jvm/java-1.4.2-gcj-4.0-1.4.2.0/jre --enable-mpfr --disable-werror --enable-checking=release i486-linux-gnu
Thread model: posix
gcc version 4.0.2 20050808 (prerelease) (Ubuntu 4.0.1-4ubuntu9)
configure:7918: $? = 0
configure:7920: g++ -V </dev/null >&5
g++: '-V' option must have argument
configure:7923: $? = 1
configure:7926: checking whether we are using the GNU C++ compiler
configure:7950: g++ -c   conftest.cc >&5
configure:7956: $? = 0
configure:7959: test -z 			 || test ! -s conftest.err
configure:7962: $? = 0
configure:7965: test -s conftest.o
configure:7968: $? = 0
configure:7981: result: yes
configure:7987: checking whether g++ accepts -g
configure:8008: g++ -c -g  conftest.cc >&5
configure:8014: $? = 0
configure:8017: test -z 			 || test ! -s conftest.err
configure:8020: $? = 0
configure:8023: test -s conftest.o
configure:8026: $? = 0
configure:8037: result: yes
configure:8079: g++ -c -g -O2  conftest.cc >&5
configure:8085: $? = 0
configure:8088: test -z 			 || test ! -s conftest.err
configure:8091: $? = 0
configure:8094: test -s conftest.o
configure:8097: $? = 0
configure:8123: g++ -c -g -O2  conftest.cc >&5
conftest.cc: In function 'int main()':
conftest.cc:33: error: 'exit' was not declared in this scope
configure:8129: $? = 1
configure: failed program was:
| /* confdefs.h.  */
| 
| #define PACKAGE_NAME ""
| #define PACKAGE_TARNAME ""
| #define PACKAGE_VERSION ""
| #define PACKAGE_STRING ""
| #define PACKAGE_BUGREPORT ""
| #define PACKAGE "dfcgen-gtk"
| #define VERSION "0.1"
| #define STDC_HEADERS 1
| #define GETTEXT_PACKAGE "dfcgen-gtk"
| #define HAVE_SYS_TYPES_H 1
| #define HAVE_SYS_STAT_H 1
| #define HAVE_STDLIB_H 1
| #define HAVE_STRING_H 1
| #define HAVE_MEMORY_H 1
| #define HAVE_STRINGS_H 1
| #define HAVE_INTTYPES_H 1
| #define HAVE_STDINT_H 1
| #define HAVE_UNISTD_H 1
| #define HAVE_LOCALE_H 1
| #define HAVE_LC_MESSAGES 1
| #define HAVE_BIND_TEXTDOMAIN_CODESET 1
| #define HAVE_GETTEXT 1
| #define HAVE_DCGETTEXT 1
| #define ENABLE_NLS 1
| #define HAVE_DLFCN_H 1
| /* end confdefs.h.  */
| 
| int
| main ()
| {
| exit (42);
|   ;
|   return 0;
| }
configure:8079: g++ -c -g -O2  conftest.cc >&5
configure:8085: $? = 0
configure:8088: test -z 			 || test ! -s conftest.err
configure:8091: $? = 0
configure:8094: test -s conftest.o
configure:8097: $? = 0
configure:8123: g++ -c -g -O2  conftest.cc >&5
configure:8129: $? = 0
configure:8132: test -z 			 || test ! -s conftest.err
configure:8135: $? = 0
configure:8138: test -s conftest.o
configure:8141: $? = 0
configure:8166: checking dependency style of g++
configure:8256: result: gcc3
configure:8278: checking how to run the C++ preprocessor
configure:8309: g++ -E  conftest.cc
configure:8315: $? = 0
configure:8347: g++ -E  conftest.cc
conftest.cc:32:28: error: ac_nonexistent.h: No such file or directory
configure:8353: $? = 1
configure: failed program was:
| /* confdefs.h.  */
| 
| #define PACKAGE_NAME ""
| #define PACKAGE_TARNAME ""
| #define PACKAGE_VERSION ""
| #define PACKAGE_STRING ""
| #define PACKAGE_BUGREPORT ""
| #define PACKAGE "dfcgen-gtk"
| #define VERSION "0.1"
| #define STDC_HEADERS 1
| #define GETTEXT_PACKAGE "dfcgen-gtk"
| #define HAVE_SYS_TYPES_H 1
| #define HAVE_SYS_STAT_H 1
| #define HAVE_STDLIB_H 1
| #define HAVE_STRING_H 1
| #define HAVE_MEMORY_H 1
| #define HAVE_STRINGS_H 1
| #define HAVE_INTTYPES_H 1
| #define HAVE_STDINT_H 1
| #define HAVE_UNISTD_H 1
| #define HAVE_LOCALE_H 1
| #define HAVE_LC_MESSAGES 1
| #define HAVE_BIND_TEXTDOMAIN_CODESET 1
| #define HAVE_GETTEXT 1
| #define HAVE_DCGETTEXT 1
| #define ENABLE_NLS 1
| #define HAVE_DLFCN_H 1
| #ifdef __cplusplus
| extern "C" void std::exit (int) throw (); using std::exit;
| #endif
| /* end confdefs.h.  */
| #include <ac_nonexistent.h>
configure:8392: result: g++ -E
configure:8416: g++ -E  conftest.cc
configure:8422: $? = 0
configure:8454: g++ -E  conftest.cc
conftest.cc:32:28: error: ac_nonexistent.h: No such file or directory
configure:8460: $? = 1
configure: failed program was:
| /* confdefs.h.  */
| 
| #define PACKAGE_NAME ""
| #define PACKAGE_TARNAME ""
| #define PACKAGE_VERSION ""
| #define PACKAGE_STRING ""
| #define PACKAGE_BUGREPORT ""
| #define PACKAGE "dfcgen-gtk"
| #define VERSION "0.1"
| #define STDC_HEADERS 1
| #define GETTEXT_PACKAGE "dfcgen-gtk"
| #define HAVE_SYS_TYPES_H 1
| #define HAVE_SYS_STAT_H 1
| #define HAVE_STDLIB_H 1
| #define HAVE_STRING_H 1
| #define HAVE_MEMORY_H 1
| #define HAVE_STRINGS_H 1
| #define HAVE_INTTYPES_H 1
| #define HAVE_STDINT_H 1
| #define HAVE_UNISTD_H 1
| #define HAVE_LOCALE_H 1
| #define HAVE_LC_MESSAGES 1
| #define HAVE_BIND_TEXTDOMAIN_CODESET 1
| #define HAVE_GETTEXT 1
| #define HAVE_DCGETTEXT 1
| #define ENABLE_NLS 1
| #define HAVE_DLFCN_H 1
| #ifdef __cplusplus
| extern "C" void std::exit (int) throw (); using std::exit;
| #endif
| /* end confdefs.h.  */
| #include <ac_nonexistent.h>
configure:8555: checking for g77
configure:8584: result: no
configure:8555: checking for f77
configure:8584: result: no
configure:8555: checking for xlf
configure:8584: result: no
configure:8555: checking for frt
configure:8584: result: no
configure:8555: checking for pgf77
configure:8584: result: no
configure:8555: checking for fort77
configure:8584: result: no
configure:8555: checking for fl32
configure:8584: result: no
configure:8555: checking for af77
configure:8584: result: no
configure:8555: checking for f90
configure:8584: result: no
configure:8555: checking for xlf90
configure:8584: result: no
configure:8555: checking for pgf90
configure:8584: result: no
configure:8555: checking for epcf90
configure:8584: result: no
configure:8555: checking for f95
configure:8584: result: no
configure:8555: checking for fort
configure:8584: result: no
configure:8555: checking for xlf95
configure:8584: result: no
configure:8555: checking for ifc
configure:8584: result: no
configure:8555: checking for efc
configure:8584: result: no
configure:8555: checking for pgf95
configure:8584: result: no
configure:8555: checking for lf95
configure:8584: result: no
configure:8555: checking for gfortran
configure:8584: result: no
configure:8596: checking for Fortran 77 compiler version
configure:8599:  --version </dev/null >&5
./configure: line 8600: --version: command not found
configure:8602: $? = 127
configure:8604:  -v </dev/null >&5
./configure: line 8605: -v: command not found
configure:8607: $? = 127
configure:8609:  -V </dev/null >&5
./configure: line 8610: -V: command not found
configure:8612: $? = 127
configure:8620: checking whether we are using the GNU Fortran 77 compiler
configure:8634:  -c  conftest.F >&5
./configure: line 8635: -c: command not found
configure:8640: $? = 127
configure: failed program was:
|       program main
| #ifndef __GNUC__
|        choke me
| #endif
| 
|       end
configure:8665: result: no
configure:8671: checking whether  accepts -g
configure:8683:  -c -g conftest.f >&5
./configure: line 8684: -c: command not found
configure:8689: $? = 127
configure: failed program was:
|       program main
| 
|       end
configure:8713: result: no
configure:8743: checking the maximum length of command line arguments
configure:8808: result: 32768
configure:8819: checking command to parse /usr/bin/nm -B output from gcc object
configure:8908: gcc -c -g -O2  conftest.c >&5
configure:8911: $? = 0
configure:8915: /usr/bin/nm -B conftest.o \| sed -n -e 's/^.*[ 	]\([ABCDGIRSTW][ABCDGIRSTW]*\)[ 	][ 	]*\(\)\([_A-Za-z][_A-Za-z0-9]*\)$/\1 \2\3 \3/p' \> conftest.nm
configure:8918: $? = 0
configure:8970: gcc -o conftest -g -O2   conftest.c conftstm.o >&5
configure:8973: $? = 0
configure:9011: result: ok
configure:9015: checking for objdir
configure:9030: result: .libs
configure:9120: checking for ar
configure:9136: found /usr/bin/ar
configure:9147: result: ar
configure:9200: checking for ranlib
configure:9216: found /usr/bin/ranlib
configure:9227: result: ranlib
configure:9280: checking for strip
configure:9296: found /usr/bin/strip
configure:9307: result: strip
configure:9569: checking if gcc static flag  works
configure:9592: result: yes
configure:9610: checking if gcc supports -fno-rtti -fno-exceptions
configure:9628: gcc -c -g -O2  -fno-rtti -fno-exceptions conftest.c >&5
cc1: warning: command line option "-fno-rtti" is valid for C++/ObjC++ but not for C
configure:9632: $? = 0
configure:9643: result: no
configure:9658: checking for gcc option to produce PIC
configure:9835: result: -fPIC
configure:9843: checking if gcc PIC flag -fPIC works
configure:9861: gcc -c -g -O2  -fPIC -DPIC conftest.c >&5
configure:9865: $? = 0
configure:9876: result: yes
configure:9900: checking if gcc supports -c -o file.o
configure:9921: gcc -c -g -O2  -o out/conftest2.o conftest.c >&5
configure:9925: $? = 0
configure:9945: result: yes
configure:9971: checking whether the gcc linker (/usr/bin/ld) supports shared libraries
configure:10818: result: yes
configure:10844: checking whether -lc should be explicitly linked in
configure:10849: gcc -c -g -O2  conftest.c >&5
configure:10852: $? = 0
configure:10866: gcc -shared conftest.o  -v -Wl,-soname -Wl,conftest -o conftest 2\>\&1 \| grep  -lc  \>/dev/null 2\>\&1
configure:10869: $? = 0
configure:10881: result: no
configure:10889: checking dynamic linker characteristics
configure:11441: result: GNU/Linux ld.so
configure:11445: checking how to hardcode library paths into programs
configure:11470: result: immediate
configure:11484: checking whether stripping libraries is possible
configure:11489: result: yes
configure:12312: checking if libtool supports shared libraries
configure:12314: result: yes
configure:12317: checking whether to build shared libraries
configure:12375: result: yes
configure:12378: checking whether to build static libraries
configure:12382: result: yes
configure:12474: creating libtool
configure:13021: checking for ld used by g++
configure:13088: result: /usr/bin/ld
configure:13097: checking if the linker (/usr/bin/ld) is GNU ld
configure:13112: result: yes
configure:13163: checking whether the g++ linker (/usr/bin/ld) supports shared libraries
configure:13989: result: yes
configure:14007: g++ -c -g -O2  conftest.cc >&5
configure:14010: $? = 0
configure:14106: checking for g++ option to produce PIC
configure:14358: result: -fPIC
configure:14366: checking if g++ PIC flag -fPIC works
configure:14384: g++ -c -g -O2  -fPIC -DPIC conftest.cc >&5
configure:14388: $? = 0
configure:14399: result: yes
configure:14423: checking if g++ supports -c -o file.o
configure:14444: g++ -c -g -O2  -o out/conftest2.o conftest.cc >&5
configure:14448: $? = 0
configure:14468: result: yes
configure:14494: checking whether the g++ linker (/usr/bin/ld) supports shared libraries
configure:14522: result: yes
configure:14593: checking dynamic linker characteristics
configure:15145: result: GNU/Linux ld.so
configure:15149: checking how to hardcode library paths into programs
configure:15174: result: immediate
configure:15188: checking whether stripping libraries is possible
configure:15193: result: yes
configure:22485: checking for pkg-config
configure:22503: found /usr/bin/pkg-config
configure:22515: result: /usr/bin/pkg-config
configure:22530: checking pkg-config is at least version 0.9.0
configure:22533: result: yes
configure:22544: checking for PACKAGE
configure:22549: $PKG_CONFIG --exists --print-errors "gtk+-2.0 gdk-2.0"
configure:22552: $? = 0
configure:22563: $PKG_CONFIG --exists --print-errors "gtk+-2.0 gdk-2.0"
configure:22566: $? = 0
configure:22621: result: yes
configure:22629: checking for main in -lm
configure:22653: gcc -o conftest -g -O2   conftest.c -lm   >&5
configure:22659: $? = 0
configure:22662: test -z 			 || test ! -s conftest.err
configure:22665: $? = 0
configure:22668: test -s conftest
configure:22671: $? = 0
configure:22684: result: yes
configure:22696: checking for main in -lgslcblas
configure:22720: gcc -o conftest -g -O2   conftest.c -lgslcblas  -lm  >&5
configure:22726: $? = 0
configure:22729: test -z 			 || test ! -s conftest.err
configure:22732: $? = 0
configure:22735: test -s conftest
configure:22738: $? = 0
configure:22751: result: yes
configure:22763: checking for main in -lgsl
configure:22787: gcc -o conftest -g -O2   conftest.c -lgsl  -lgslcblas -lm  >&5
configure:22793: $? = 0
configure:22796: test -z 			 || test ! -s conftest.err
configure:22799: $? = 0
configure:22802: test -s conftest
configure:22805: $? = 0
configure:22818: result: yes
configure:22841: checking gsl/gsl_math.h usability
configure:22853: gcc -c -g -O2  conftest.c >&5
configure:22859: $? = 0
configure:22862: test -z 			 || test ! -s conftest.err
configure:22865: $? = 0
configure:22868: test -s conftest.o
configure:22871: $? = 0
configure:22881: result: yes
configure:22885: checking gsl/gsl_math.h presence
configure:22895: gcc -E  conftest.c
configure:22901: $? = 0
configure:22921: result: yes
configure:22956: checking for gsl/gsl_math.h
configure:22963: result: yes
configure:22989: checking for an ANSI C-conforming const
configure:23056: gcc -c -g -O2  conftest.c >&5
configure:23062: $? = 0
configure:23065: test -z 			 || test ! -s conftest.err
configure:23068: $? = 0
configure:23071: test -s conftest.o
configure:23074: $? = 0
configure:23085: result: yes
configure:23095: checking for inline
configure:23116: gcc -c -g -O2  conftest.c >&5
configure:23122: $? = 0
configure:23125: test -z 			 || test ! -s conftest.err
configure:23128: $? = 0
configure:23131: test -s conftest.o
configure:23134: $? = 0
configure:23146: result: inline
configure:23171: checking for hypot
configure:23228: gcc -o conftest -g -O2   conftest.c -lgsl -lgslcblas -lm  >&5
conftest.c:60: warning: conflicting types for built-in function 'hypot'
configure:23234: $? = 0
configure:23237: test -z 			 || test ! -s conftest.err
configure:23240: $? = 0
configure:23243: test -s conftest
configure:23246: $? = 0
configure:23258: result: yes
configure:23272: checking for trunc
configure:23329: gcc -o conftest -g -O2   conftest.c -lgsl -lgslcblas -lm  >&5
conftest.c:61: warning: conflicting types for built-in function 'trunc'
configure:23335: $? = 0
configure:23338: test -z 			 || test ! -s conftest.err
configure:23341: $? = 0
configure:23344: test -s conftest
configure:23347: $? = 0
configure:23359: result: yes
configure:23373: checking for round
configure:23430: gcc -o conftest -g -O2   conftest.c -lgsl -lgslcblas -lm  >&5
conftest.c:62: warning: conflicting types for built-in function 'round'
configure:23436: $? = 0
configure:23439: test -z 			 || test ! -s conftest.err
configure:23442: $? = 0
configure:23445: test -s conftest
configure:23448: $? = 0
configure:23460: result: yes
configure:23474: checking for exp10
configure:23531: gcc -o conftest -g -O2   conftest.c -lgsl -lgslcblas -lm  >&5
conftest.c:63: warning: conflicting types for built-in function 'exp10'
configure:23537: $? = 0
configure:23540: test -z 			 || test ! -s conftest.err
configure:23543: $? = 0
configure:23546: test -s conftest
configure:23549: $? = 0
configure:23561: result: yes
configure:23575: checking for pow10
configure:23632: gcc -o conftest -g -O2   conftest.c -lgsl -lgslcblas -lm  >&5
conftest.c:64: warning: conflicting types for built-in function 'pow10'
configure:23638: $? = 0
configure:23641: test -z 			 || test ! -s conftest.err
configure:23644: $? = 0
configure:23647: test -s conftest
configure:23650: $? = 0
configure:23662: result: yes
configure:23921: creating ./config.status

## ---------------------- ##
## Running config.status. ##
## ---------------------- ##

This file was extended by config.status, which was
generated by GNU Autoconf 2.59.  Invocation command line was

  CONFIG_FILES    = 
  CONFIG_HEADERS  = 
  CONFIG_LINKS    = 
  CONFIG_COMMANDS = 
  $ ./config.status 

on dfcgen

config.status:794: creating Makefile
config.status:794: creating po/Makefile.in
config.status:794: creating include/Makefile
config.status:794: creating src/Makefile
config.status:794: creating pixmaps/Makefile
config.status:794: creating data/Makefile
config.status:794: creating doc/Makefile
config.status:860: creating config.h
config.status:1220: executing depfiles commands
config.status:1220: executing default-1 commands

## ---------------- ##
## Cache variables. ##
## ---------------- ##

ac_cv_build=i686-pc-linux-gnu
ac_cv_build_alias=i686-pc-linux-gnu
ac_cv_c_compiler_gnu=yes
ac_cv_c_const=yes
ac_cv_c_inline=inline
ac_cv_cxx_compiler_gnu=yes
ac_cv_env_CC_set=
ac_cv_env_CC_value=
ac_cv_env_CFLAGS_set=
ac_cv_env_CFLAGS_value=
ac_cv_env_CPPFLAGS_set=
ac_cv_env_CPPFLAGS_value=
ac_cv_env_CPP_set=
ac_cv_env_CPP_value=
ac_cv_env_CXXCPP_set=
ac_cv_env_CXXCPP_value=
ac_cv_env_CXXFLAGS_set=
ac_cv_env_CXXFLAGS_value=
ac_cv_env_CXX_set=
ac_cv_env_CXX_value=
ac_cv_env_F77_set=
ac_cv_env_F77_value=
ac_cv_env_FFLAGS_set=
ac_cv_env_FFLAGS_value=
ac_cv_env_LDFLAGS_set=
ac_cv_env_LDFLAGS_value=
ac_cv_env_PACKAGE_CFLAGS_set=
ac_cv_env_PACKAGE_CFLAGS_value=
ac_cv_env_PACKAGE_LIBS_set=
ac_cv_env_PACKAGE_LIBS_value=
ac_cv_env_PKG_CONFIG_set=
ac_cv_env_PKG_CONFIG_value=
ac_cv_env_build_alias_set=
ac_cv_env_build_alias_value=
ac_cv_env_host_alias_set=
ac_cv_env_host_alias_value=
ac_cv_env_target_alias_set=
ac_cv_env_target_alias_value=
ac_cv_exeext=
ac_cv_f77_compiler_gnu=no
ac_cv_func_bind_textdomain_codeset=yes
ac_cv_func_dcgettext=yes
ac_cv_func_exp10=yes
ac_cv_func_hypot=yes
ac_cv_func_pow10=yes
ac_cv_func_round=yes
ac_cv_func_trunc=yes
ac_cv_header_dlfcn_h=yes
ac_cv_header_gsl_gsl_math_h=yes
ac_cv_header_inttypes_h=yes
ac_cv_header_libintl_h=yes
ac_cv_header_locale_h=yes
ac_cv_header_memory_h=yes
ac_cv_header_stdc=yes
ac_cv_header_stdint_h=yes
ac_cv_header_stdlib_h=yes
ac_cv_header_string_h=yes
ac_cv_header_strings_h=yes
ac_cv_header_sys_stat_h=yes
ac_cv_header_sys_types_h=yes
ac_cv_header_unistd_h=yes
ac_cv_host=i686-pc-linux-gnu
ac_cv_host_alias=i686-pc-linux-gnu
ac_cv_lib_gsl_main=yes
ac_cv_lib_gslcblas_main=yes
ac_cv_lib_m_main=yes
ac_cv_objext=o
ac_cv_path_GMSGFMT=/usr/bin/msgfmt
ac_cv_path_MSGFMT=/usr/bin/msgfmt
ac_cv_path_XGETTEXT=/usr/bin/xgettext
ac_cv_path_ac_pt_PKG_CONFIG=/usr/bin/pkg-config
ac_cv_path_install='/usr/bin/install -c'
ac_cv_prog_AWK=gawk
ac_cv_prog_CPP='gcc -E'
ac_cv_prog_CXXCPP='g++ -E'
ac_cv_prog_ac_ct_AR=ar
ac_cv_prog_ac_ct_CC=gcc
ac_cv_prog_ac_ct_CXX=g++
ac_cv_prog_ac_ct_RANLIB=ranlib
ac_cv_prog_ac_ct_STRIP=strip
ac_cv_prog_cc_g=yes
ac_cv_prog_cc_stdc=
ac_cv_prog_cxx_g=yes
ac_cv_prog_egrep='grep -E'
ac_cv_prog_f77_g=no
ac_cv_prog_make_make_set=yes
ac_cv_search_strerror='none required'
am_cv_CC_dependencies_compiler_type=gcc3
am_cv_CXX_dependencies_compiler_type=gcc3
am_cv_prog_cc_stdc=
am_cv_val_LC_MESSAGES=yes
gt_cv_func_dgettext_libc=yes
gt_cv_func_dgettext_libintl=no
gt_cv_func_ngettext_libc=yes
gt_cv_have_gettext=yes
lt_cv_deplibs_check_method=pass_all
lt_cv_file_magic_cmd='$MAGIC_CMD'
lt_cv_file_magic_test_file=
lt_cv_ld_reload_flag=-r
lt_cv_objdir=.libs
lt_cv_path_LD=/usr/bin/ld
lt_cv_path_LDCXX=/usr/bin/ld
lt_cv_path_NM='/usr/bin/nm -B'
lt_cv_path_SED=/bin/sed
lt_cv_prog_compiler_c_o=yes
lt_cv_prog_compiler_c_o_CXX=yes
lt_cv_prog_compiler_rtti_exceptions=no
lt_cv_prog_gnu_ld=yes
lt_cv_prog_gnu_ldcxx=yes
lt_cv_sys_global_symbol_pipe='sed -n -e '\''s/^.*[ 	]\([ABCDGIRSTW][ABCDGIRSTW]*\)[ 	][ 	]*\(\)\([_A-Za-z][_A-Za-z0-9]*\)$/\1 \2\3 \3/p'\'''
lt_cv_sys_global_symbol_to_c_name_address='sed -n -e '\''s/^: \([^ ]*\) $/  {\"\1\", (lt_ptr) 0},/p'\'' -e '\''s/^[BCDEGRST] \([^ ]*\) \([^ ]*\)$/  {"\2", (lt_ptr) \&\2},/p'\'''
lt_cv_sys_global_symbol_to_cdecl='sed -n -e '\''s/^. .* \(.*\)$/extern int \1;/p'\'''
lt_cv_sys_max_cmd_len=32768
lt_lt_cv_prog_compiler_c_o='"yes"'
lt_lt_cv_prog_compiler_c_o_CXX='"yes"'
lt_lt_cv_sys_global_symbol_pipe='"sed -n -e '\''s/^.*[ 	]\\([ABCDGIRSTW][ABCDGIRSTW]*\\)[ 	][ 	]*\\(\\)\\([_A-Za-z][_A-Za-z0-9]*\\)\$/\\1 \\2\\3 \\3/p'\''"'
lt_lt_cv_sys_global_symbol_to_c_name_address='"sed -n -e '\''s/^: \\([^ ]*\\) \$/  {\\\"\\1\\\", (lt_ptr) 0},/p'\'' -e '\''s/^[BCDEGRST] \\([^ ]*\\) \\([^ ]*\\)\$/  {\"\\2\", (lt_ptr) \\&\\2},/p'\''"'
lt_lt_cv_sys_global_symbol_to_cdecl='"sed -n -e '\''s/^. .* \\(.*\\)\$/extern int \\1;/p'\''"'
pkg_cv_PACKAGE_CFLAGS='-I/usr/include/gtk-2.0 -I/usr/lib/gtk-2.0/include -I/usr/include/atk-1.0 -I/usr/include/cairo -I/usr/include/pango-1.0 -I/usr/include/glib-2.0 -I/usr/lib/glib-2.0/include  '
pkg_cv_PACKAGE_LIBS='-lgtk-x11-2.0 -latk-1.0 -lgdk-x11-2.0 -lgdk_pixbuf-2.0 -lm -lpangocairo-1.0 -lfontconfig -lXinerama -lXi -lXrandr -lXext -lXcursor -lXfixes -lpango-1.0 -lcairo -lgobject-2.0 -lgmodule-2.0 -lglib-2.0 -lXrender -lX11 -ldl  '

## ----------------- ##
## Output variables. ##
## ----------------- ##

ACLOCAL='${SHELL} /home/ralf/prj/dfcgen-gtk/missing --run aclocal-1.9'
AMDEPBACKSLASH='\'
AMDEP_FALSE='#'
AMDEP_TRUE=''
AMTAR='${SHELL} /home/ralf/prj/dfcgen-gtk/missing --run tar'
AR='ar'
AUTOCONF='${SHELL} /home/ralf/prj/dfcgen-gtk/missing --run autoconf'
AUTOHEADER='${SHELL} /home/ralf/prj/dfcgen-gtk/missing --run autoheader'
AUTOMAKE='${SHELL} /home/ralf/prj/dfcgen-gtk/missing --run automake-1.9'
AWK='gawk'
CATALOGS=' de.gmo'
CATOBJEXT='.gmo'
CC='gcc'
CCDEPMODE='depmode=gcc3'
CFLAGS='-g -O2'
CPP='gcc -E'
CPPFLAGS=''
CXX='g++'
CXXCPP='g++ -E'
CXXDEPMODE='depmode=gcc3'
CXXFLAGS='-g -O2'
CYGPATH_W='echo'
DATADIRNAME='share'
DEFS='-DHAVE_CONFIG_H'
DEPDIR='.deps'
ECHO='echo'
ECHO_C=''
ECHO_N='-n'
ECHO_T=''
EGREP='grep -E'
EXEEXT=''
F77=''
FFLAGS=''
GETTEXT_PACKAGE='dfcgen-gtk'
GMOFILES=' de.gmo'
GMSGFMT='/usr/bin/msgfmt'
INSTALL_DATA='${INSTALL} -m 644'
INSTALL_PROGRAM='${INSTALL}'
INSTALL_SCRIPT='${INSTALL}'
INSTALL_STRIP_PROGRAM='${SHELL} $(install_sh) -c -s'
INSTOBJEXT='.mo'
INTLLIBS=''
LDFLAGS=''
LIBOBJS=''
LIBS='-lgsl -lgslcblas -lm '
LIBTOOL='$(SHELL) $(top_builddir)/libtool'
LN_S='ln -s'
LTLIBOBJS=''
MAINT=''
MAINTAINER_MODE_FALSE='#'
MAINTAINER_MODE_TRUE=''
MAKEINFO='${SHELL} /home/ralf/prj/dfcgen-gtk/missing --run makeinfo'
MKINSTALLDIRS='./mkinstalldirs'
MSGFMT='/usr/bin/msgfmt'
NO_PREFIX_PACKAGE_DATA_DIR='share'
NO_PREFIX_PACKAGE_DOC_DIR='doc/dfcgen-gtk'
NO_PREFIX_PACKAGE_HELP_DIR='share/help'
NO_PREFIX_PACKAGE_MENU_DIR='share'
NO_PREFIX_PACKAGE_PIXMAPS_DIR='share/pixmaps'
OBJEXT='o'
PACKAGE='dfcgen-gtk'
PACKAGE_BUGREPORT=''
PACKAGE_CFLAGS='-I/usr/include/gtk-2.0 -I/usr/lib/gtk-2.0/include -I/usr/include/atk-1.0 -I/usr/include/cairo -I/usr/include/pango-1.0 -I/usr/include/glib-2.0 -I/usr/lib/glib-2.0/include  '
PACKAGE_DATA_DIR='/usr/local/share'
PACKAGE_DOC_DIR='/usr/local/doc/dfcgen-gtk'
PACKAGE_HELP_DIR='/usr/local/share/help'
PACKAGE_LIBS='-lgtk-x11-2.0 -latk-1.0 -lgdk-x11-2.0 -lgdk_pixbuf-2.0 -lm -lpangocairo-1.0 -lfontconfig -lXinerama -lXi -lXrandr -lXext -lXcursor -lXfixes -lpango-1.0 -lcairo -lgobject-2.0 -lgmodule-2.0 -lglib-2.0 -lXrender -lX11 -ldl  '
PACKAGE_MENU_DIR='/usr/local/share'
PACKAGE_NAME=''
PACKAGE_PIXMAPS_DIR='/usr/local/share/pixmaps'
PACKAGE_STRING=''
PACKAGE_TARNAME=''
PACKAGE_VERSION='$(VERSION)'
PATH_SEPARATOR=':'
PKG_CONFIG='/usr/bin/pkg-config'
POFILES=' de.po'
POSUB='po'
PO_IN_DATADIR_FALSE=''
PO_IN_DATADIR_TRUE=''
RANLIB='ranlib'
SET_MAKE=''
SHELL='/bin/sh'
STRIP='strip'
USE_NLS='yes'
VERSION='0.1'
XGETTEXT='/usr/bin/xgettext'
ac_ct_AR='ar'
ac_ct_CC='gcc'
ac_ct_CXX='g++'
ac_ct_F77=''
ac_ct_RANLIB='ranlib'
ac_ct_STRIP='strip'
ac_pt_PKG_CONFIG='/usr/bin/pkg-config'
am__fastdepCC_FALSE='#'
am__fastdepCC_TRUE=''
am__fastdepCXX_FALSE='#'
am__fastdepCXX_TRUE=''
am__include='include'
am__leading_dot='.'
am__quote=''
am__tar='${AMTAR} chof - "$$tardir"'
am__untar='${AMTAR} xf -'
bindir='${exec_prefix}/bin'
build='i686-pc-linux-gnu'
build_alias=''
build_cpu='i686'
build_os='linux-gnu'
build_vendor='pc'
datadir='${prefix}/share'
exec_prefix='${prefix}'
host='i686-pc-linux-gnu'
host_alias=''
host_cpu='i686'
host_os='linux-gnu'
host_vendor='pc'
includedir='${prefix}/include'
infodir='${prefix}/info'
install_sh='/home/ralf/prj/dfcgen-gtk/install-sh'
libdir='${exec_prefix}/lib'
libexecdir='${exec_prefix}/libexec'
localstatedir='${prefix}/var'
mandir='${prefix}/man'
mkdir_p='mkdir -p --'
oldincludedir='/usr/include'
prefix='/usr/local'
program_transform_name='s,x,x,'
sbindir='${exec_prefix}/sbin'
sharedstatedir='${prefix}/com'
sysconfdir='${prefix}/etc'
target_alias=''

## ----------- ##
## confdefs.h. ##
## ----------- ##

#define ENABLE_NLS 1
#define GETTEXT_PACKAGE "dfcgen-gtk"
#define HAVE_BIND_TEXTDOMAIN_CODESET 1
#define HAVE_DCGETTEXT 1
#define HAVE_DLFCN_H 1
#define HAVE_EXP10 1
#define HAVE_GETTEXT 1
#define HAVE_GSL_H 1
#define HAVE_HYPOT 1
#define HAVE_INTTYPES_H 1
#define HAVE_LC_MESSAGES 1
#define HAVE_LIBGSL 1
#define HAVE_LIBGSLCBLAS 1
#define HAVE_LIBM 1
#define HAVE_LOCALE_H 1
#define HAVE_MEMORY_H 1
#define HAVE_POW10 1
#define HAVE_ROUND 1
#define HAVE_STDINT_H 1
#define HAVE_STDLIB_H 1
#define HAVE_STRINGS_H 1
#define HAVE_STRING_H 1
#define HAVE_SYS_STAT_H 1
#define HAVE_SYS_TYPES_H 1
#define HAVE_TRUNC 1
#define HAVE_UNISTD_H 1
#define PACKAGE "dfcgen-gtk"
#define PACKAGE_AUTHOR "Ralf Hoppe"
#define PACKAGE_BUGREPORT ""
#define PACKAGE_DATA_DIR "/usr/local/share"
#define PACKAGE_DOC_DIR "/usr/local/doc/dfcgen-gtk"
#define PACKAGE_HELP_DIR "/usr/local/share/help"
#define PACKAGE_ICON "dfcgen.png"
#define PACKAGE_LOCALE_DIR "/usr/local/share/locale"
#define PACKAGE_MENU_DIR "/usr/local/share"
#define PACKAGE_NAME ""
#define PACKAGE_PIXMAPS_DIR "/usr/local/share/pixmaps"
#define PACKAGE_SOURCE_DIR "/home/ralf/prj/dfcgen-gtk"
#define PACKAGE_STRING ""
#define PACKAGE_TARNAME ""
#define PACKAGE_VERSION ""
#define PACKAGE_WEBSITE "http://home.arcor.de/dfcgen"
#define STDC_HEADERS 1
#define VERSION "0.1"
#define _GNU_SOURCE 1
#endif
#ifdef __cplusplus
extern "C" void std::exit (int) throw (); using std::exit;

configure: exit 0
